{"/app/src/utils/cli-handler.ts": {"path":"/app/src/utils/cli-handler.ts","all":false,"statementMap":{"0":{"start":{"line":1,"column":0},"end":{"line":1,"column":30}},"1":{"start":{"line":2,"column":0},"end":{"line":2,"column":21}},"2":{"start":{"line":3,"column":0},"end":{"line":3,"column":20}},"3":{"start":{"line":4,"column":0},"end":{"line":4,"column":1}},"4":{"start":{"line":5,"column":0},"end":{"line":5,"column":0}},"5":{"start":{"line":6,"column":0},"end":{"line":6,"column":25}},"6":{"start":{"line":7,"column":0},"end":{"line":7,"column":52}},"7":{"start":{"line":8,"column":0},"end":{"line":8,"column":53}},"8":{"start":{"line":9,"column":0},"end":{"line":9,"column":53}},"9":{"start":{"line":10,"column":0},"end":{"line":10,"column":80}},"10":{"start":{"line":11,"column":0},"end":{"line":11,"column":11}},"11":{"start":{"line":12,"column":0},"end":{"line":12,"column":0}},"12":{"start":{"line":13,"column":0},"end":{"line":13,"column":43}},"13":{"start":{"line":14,"column":0},"end":{"line":14,"column":0}},"14":{"start":{"line":15,"column":0},"end":{"line":15,"column":27}},"15":{"start":{"line":16,"column":0},"end":{"line":16,"column":35}},"16":{"start":{"line":17,"column":0},"end":{"line":17,"column":39}},"17":{"start":{"line":18,"column":0},"end":{"line":18,"column":66}},"18":{"start":{"line":19,"column":0},"end":{"line":19,"column":53}},"19":{"start":{"line":20,"column":0},"end":{"line":20,"column":5}},"20":{"start":{"line":21,"column":0},"end":{"line":21,"column":26}},"21":{"start":{"line":22,"column":0},"end":{"line":22,"column":45}},"22":{"start":{"line":23,"column":0},"end":{"line":23,"column":28}},"23":{"start":{"line":24,"column":0},"end":{"line":24,"column":61}},"24":{"start":{"line":25,"column":0},"end":{"line":25,"column":62}},"25":{"start":{"line":26,"column":0},"end":{"line":26,"column":1}},"26":{"start":{"line":27,"column":0},"end":{"line":27,"column":0}},"27":{"start":{"line":28,"column":0},"end":{"line":28,"column":28}},"28":{"start":{"line":29,"column":0},"end":{"line":29,"column":79}},"29":{"start":{"line":30,"column":0},"end":{"line":30,"column":58}},"30":{"start":{"line":31,"column":0},"end":{"line":31,"column":16}},"31":{"start":{"line":32,"column":0},"end":{"line":32,"column":11}},"32":{"start":{"line":33,"column":0},"end":{"line":33,"column":3}},"33":{"start":{"line":34,"column":0},"end":{"line":34,"column":0}},"34":{"start":{"line":35,"column":0},"end":{"line":35,"column":31}},"35":{"start":{"line":36,"column":0},"end":{"line":36,"column":57}},"36":{"start":{"line":37,"column":0},"end":{"line":37,"column":16}},"37":{"start":{"line":38,"column":0},"end":{"line":38,"column":0}},"38":{"start":{"line":39,"column":0},"end":{"line":39,"column":50}},"39":{"start":{"line":40,"column":0},"end":{"line":40,"column":42}},"40":{"start":{"line":41,"column":0},"end":{"line":41,"column":58}},"41":{"start":{"line":42,"column":0},"end":{"line":42,"column":5}},"42":{"start":{"line":43,"column":0},"end":{"line":43,"column":0}},"43":{"start":{"line":44,"column":0},"end":{"line":44,"column":20}},"44":{"start":{"line":45,"column":0},"end":{"line":45,"column":3}},"45":{"start":{"line":46,"column":0},"end":{"line":46,"column":0}},"46":{"start":{"line":47,"column":0},"end":{"line":47,"column":53}},"47":{"start":{"line":48,"column":0},"end":{"line":48,"column":0}},"48":{"start":{"line":49,"column":0},"end":{"line":49,"column":25}},"49":{"start":{"line":50,"column":0},"end":{"line":50,"column":43}},"50":{"start":{"line":51,"column":0},"end":{"line":51,"column":3}},"51":{"start":{"line":52,"column":0},"end":{"line":52,"column":0}},"52":{"start":{"line":53,"column":0},"end":{"line":53,"column":24}},"53":{"start":{"line":54,"column":0},"end":{"line":54,"column":42}},"54":{"start":{"line":55,"column":0},"end":{"line":55,"column":75}},"55":{"start":{"line":56,"column":0},"end":{"line":56,"column":3}},"56":{"start":{"line":57,"column":0},"end":{"line":57,"column":0}},"57":{"start":{"line":58,"column":0},"end":{"line":58,"column":7}},"58":{"start":{"line":59,"column":0},"end":{"line":59,"column":43}},"59":{"start":{"line":60,"column":0},"end":{"line":60,"column":26}},"60":{"start":{"line":61,"column":0},"end":{"line":61,"column":48}},"61":{"start":{"line":62,"column":0},"end":{"line":62,"column":5}},"62":{"start":{"line":63,"column":0},"end":{"line":63,"column":28}},"63":{"start":{"line":64,"column":0},"end":{"line":64,"column":33}},"64":{"start":{"line":65,"column":0},"end":{"line":65,"column":66}},"65":{"start":{"line":66,"column":0},"end":{"line":66,"column":12}},"66":{"start":{"line":67,"column":0},"end":{"line":67,"column":72}},"67":{"start":{"line":68,"column":0},"end":{"line":68,"column":5}},"68":{"start":{"line":69,"column":0},"end":{"line":69,"column":0}},"69":{"start":{"line":70,"column":0},"end":{"line":70,"column":42}},"70":{"start":{"line":71,"column":0},"end":{"line":71,"column":18}},"71":{"start":{"line":72,"column":0},"end":{"line":72,"column":5}},"72":{"start":{"line":73,"column":0},"end":{"line":73,"column":0}},"73":{"start":{"line":74,"column":0},"end":{"line":74,"column":20}},"74":{"start":{"line":75,"column":0},"end":{"line":75,"column":3}},"75":{"start":{"line":76,"column":0},"end":{"line":76,"column":1}},"76":{"start":{"line":77,"column":0},"end":{"line":77,"column":0}},"77":{"start":{"line":78,"column":0},"end":{"line":78,"column":19}},"78":{"start":{"line":79,"column":0},"end":{"line":79,"column":58}},"79":{"start":{"line":80,"column":0},"end":{"line":80,"column":35}},"80":{"start":{"line":81,"column":0},"end":{"line":81,"column":1}},"81":{"start":{"line":82,"column":0},"end":{"line":82,"column":0}},"82":{"start":{"line":83,"column":0},"end":{"line":83,"column":22}},"83":{"start":{"line":84,"column":0},"end":{"line":84,"column":66}},"84":{"start":{"line":85,"column":0},"end":{"line":85,"column":19}},"85":{"start":{"line":86,"column":0},"end":{"line":86,"column":24}},"86":{"start":{"line":87,"column":0},"end":{"line":87,"column":30}},"87":{"start":{"line":88,"column":0},"end":{"line":88,"column":12}},"88":{"start":{"line":89,"column":0},"end":{"line":89,"column":19}},"89":{"start":{"line":90,"column":0},"end":{"line":90,"column":25}},"90":{"start":{"line":91,"column":0},"end":{"line":91,"column":12}},"91":{"start":{"line":92,"column":0},"end":{"line":92,"column":21}},"92":{"start":{"line":93,"column":0},"end":{"line":93,"column":27}},"93":{"start":{"line":94,"column":0},"end":{"line":94,"column":12}},"94":{"start":{"line":95,"column":0},"end":{"line":95,"column":24}},"95":{"start":{"line":96,"column":0},"end":{"line":96,"column":27}},"96":{"start":{"line":97,"column":0},"end":{"line":97,"column":12}},"97":{"start":{"line":98,"column":0},"end":{"line":98,"column":3}},"98":{"start":{"line":99,"column":0},"end":{"line":99,"column":1}},"99":{"start":{"line":100,"column":0},"end":{"line":100,"column":0}},"100":{"start":{"line":101,"column":0},"end":{"line":101,"column":26}},"101":{"start":{"line":102,"column":0},"end":{"line":102,"column":23}},"102":{"start":{"line":103,"column":0},"end":{"line":103,"column":26}},"103":{"start":{"line":104,"column":0},"end":{"line":104,"column":0}},"104":{"start":{"line":105,"column":0},"end":{"line":105,"column":53}},"105":{"start":{"line":106,"column":0},"end":{"line":106,"column":54}},"106":{"start":{"line":107,"column":0},"end":{"line":107,"column":25}},"107":{"start":{"line":108,"column":0},"end":{"line":108,"column":59}},"108":{"start":{"line":109,"column":0},"end":{"line":109,"column":10}},"109":{"start":{"line":110,"column":0},"end":{"line":110,"column":63}},"110":{"start":{"line":111,"column":0},"end":{"line":111,"column":3}},"111":{"start":{"line":112,"column":0},"end":{"line":112,"column":1}},"112":{"start":{"line":113,"column":0},"end":{"line":113,"column":0}},"113":{"start":{"line":114,"column":0},"end":{"line":114,"column":48}},"114":{"start":{"line":115,"column":0},"end":{"line":115,"column":50}},"115":{"start":{"line":116,"column":0},"end":{"line":116,"column":25}},"116":{"start":{"line":117,"column":0},"end":{"line":117,"column":67}},"117":{"start":{"line":118,"column":0},"end":{"line":118,"column":10}},"118":{"start":{"line":119,"column":0},"end":{"line":119,"column":61}},"119":{"start":{"line":120,"column":0},"end":{"line":120,"column":41}},"120":{"start":{"line":121,"column":0},"end":{"line":121,"column":3}},"121":{"start":{"line":122,"column":0},"end":{"line":122,"column":1}},"122":{"start":{"line":123,"column":0},"end":{"line":123,"column":0}},"123":{"start":{"line":124,"column":0},"end":{"line":124,"column":50}},"124":{"start":{"line":125,"column":0},"end":{"line":125,"column":62}},"125":{"start":{"line":126,"column":0},"end":{"line":126,"column":25}},"126":{"start":{"line":127,"column":0},"end":{"line":127,"column":49}},"127":{"start":{"line":128,"column":0},"end":{"line":128,"column":10}},"128":{"start":{"line":129,"column":0},"end":{"line":129,"column":57}},"129":{"start":{"line":130,"column":0},"end":{"line":130,"column":40}},"130":{"start":{"line":131,"column":0},"end":{"line":131,"column":3}},"131":{"start":{"line":132,"column":0},"end":{"line":132,"column":1}},"132":{"start":{"line":133,"column":0},"end":{"line":133,"column":0}},"133":{"start":{"line":134,"column":0},"end":{"line":134,"column":32}},"134":{"start":{"line":135,"column":0},"end":{"line":135,"column":50}},"135":{"start":{"line":136,"column":0},"end":{"line":136,"column":66}},"136":{"start":{"line":137,"column":0},"end":{"line":137,"column":25}},"137":{"start":{"line":138,"column":0},"end":{"line":138,"column":54}},"138":{"start":{"line":139,"column":0},"end":{"line":139,"column":10}},"139":{"start":{"line":140,"column":0},"end":{"line":140,"column":57}},"140":{"start":{"line":141,"column":0},"end":{"line":141,"column":3}},"141":{"start":{"line":142,"column":0},"end":{"line":142,"column":1}}},"s":{"0":1,"1":1,"2":1,"3":1,"4":1,"5":1,"6":1,"7":1,"8":1,"9":1,"10":1,"11":1,"12":1,"13":1,"14":1,"15":1,"16":1,"17":1,"18":4,"19":1,"20":1,"21":1,"22":1,"23":1,"24":1,"25":1,"26":1,"27":1,"28":3,"29":3,"30":0,"31":0,"32":0,"33":3,"34":3,"35":1,"36":1,"37":1,"38":1,"39":1,"40":1,"41":1,"42":0,"43":0,"44":0,"45":2,"46":2,"47":2,"48":3,"49":1,"50":1,"51":2,"52":3,"53":1,"54":1,"55":1,"56":2,"57":2,"58":2,"59":3,"60":1,"61":1,"62":3,"63":0,"64":0,"65":0,"66":0,"67":0,"68":0,"69":0,"70":0,"71":0,"72":0,"73":0,"74":0,"75":3,"76":1,"77":1,"78":3,"79":3,"80":3,"81":1,"82":1,"83":2,"84":2,"85":2,"86":1,"87":1,"88":2,"89":0,"90":0,"91":2,"92":0,"93":0,"94":2,"95":1,"96":1,"97":2,"98":2,"99":1,"100":1,"101":1,"102":1,"103":1,"104":1,"105":1,"106":1,"107":0,"108":1,"109":1,"110":1,"111":1,"112":1,"113":0,"114":0,"115":0,"116":0,"117":0,"118":0,"119":0,"120":0,"121":0,"122":1,"123":0,"124":0,"125":0,"126":0,"127":0,"128":0,"129":0,"130":0,"131":0,"132":1,"133":1,"134":1,"135":1,"136":1,"137":1,"138":1,"139":0,"140":0,"141":1},"branchMap":{"0":{"type":"branch","line":16,"loc":{"start":{"line":16,"column":0},"end":{"line":26,"column":1}},"locations":[{"start":{"line":16,"column":0},"end":{"line":26,"column":1}}]},"1":{"type":"branch","line":18,"loc":{"start":{"line":18,"column":42},"end":{"line":20,"column":3}},"locations":[{"start":{"line":18,"column":42},"end":{"line":20,"column":3}}]},"2":{"type":"branch","line":29,"loc":{"start":{"line":29,"column":0},"end":{"line":76,"column":1}},"locations":[{"start":{"line":29,"column":0},"end":{"line":76,"column":1}}]},"3":{"type":"branch","line":30,"loc":{"start":{"line":30,"column":57},"end":{"line":33,"column":3}},"locations":[{"start":{"line":30,"column":57},"end":{"line":33,"column":3}}]},"4":{"type":"branch","line":35,"loc":{"start":{"line":35,"column":30},"end":{"line":45,"column":3}},"locations":[{"start":{"line":35,"column":30},"end":{"line":45,"column":3}}]},"5":{"type":"branch","line":43,"loc":{"start":{"line":43,"column":-1},"end":{"line":45,"column":3}},"locations":[{"start":{"line":43,"column":-1},"end":{"line":45,"column":3}}]},"6":{"type":"branch","line":46,"loc":{"start":{"line":46,"column":-1},"end":{"line":49,"column":24}},"locations":[{"start":{"line":46,"column":-1},"end":{"line":49,"column":24}}]},"7":{"type":"branch","line":49,"loc":{"start":{"line":49,"column":24},"end":{"line":51,"column":3}},"locations":[{"start":{"line":49,"column":24},"end":{"line":51,"column":3}}]},"8":{"type":"branch","line":52,"loc":{"start":{"line":52,"column":-1},"end":{"line":53,"column":23}},"locations":[{"start":{"line":52,"column":-1},"end":{"line":53,"column":23}}]},"9":{"type":"branch","line":53,"loc":{"start":{"line":53,"column":23},"end":{"line":56,"column":3}},"locations":[{"start":{"line":53,"column":23},"end":{"line":56,"column":3}}]},"10":{"type":"branch","line":57,"loc":{"start":{"line":57,"column":-1},"end":{"line":60,"column":25}},"locations":[{"start":{"line":57,"column":-1},"end":{"line":60,"column":25}}]},"11":{"type":"branch","line":60,"loc":{"start":{"line":60,"column":25},"end":{"line":62,"column":5}},"locations":[{"start":{"line":60,"column":25},"end":{"line":62,"column":5}}]},"12":{"type":"branch","line":63,"loc":{"start":{"line":63,"column":4},"end":{"line":75,"column":3}},"locations":[{"start":{"line":63,"column":4},"end":{"line":75,"column":3}}]},"13":{"type":"branch","line":79,"loc":{"start":{"line":79,"column":0},"end":{"line":81,"column":1}},"locations":[{"start":{"line":79,"column":0},"end":{"line":81,"column":1}}]},"14":{"type":"branch","line":84,"loc":{"start":{"line":84,"column":0},"end":{"line":99,"column":1}},"locations":[{"start":{"line":84,"column":0},"end":{"line":99,"column":1}}]},"15":{"type":"branch","line":86,"loc":{"start":{"line":86,"column":4},"end":{"line":88,"column":12}},"locations":[{"start":{"line":86,"column":4},"end":{"line":88,"column":12}}]},"16":{"type":"branch","line":89,"loc":{"start":{"line":89,"column":4},"end":{"line":91,"column":12}},"locations":[{"start":{"line":89,"column":4},"end":{"line":91,"column":12}}]},"17":{"type":"branch","line":92,"loc":{"start":{"line":92,"column":4},"end":{"line":94,"column":12}},"locations":[{"start":{"line":92,"column":4},"end":{"line":94,"column":12}}]},"18":{"type":"branch","line":95,"loc":{"start":{"line":95,"column":4},"end":{"line":97,"column":12}},"locations":[{"start":{"line":95,"column":4},"end":{"line":97,"column":12}}]},"19":{"type":"branch","line":105,"loc":{"start":{"line":105,"column":0},"end":{"line":112,"column":1}},"locations":[{"start":{"line":105,"column":0},"end":{"line":112,"column":1}}]},"20":{"type":"branch","line":107,"loc":{"start":{"line":107,"column":24},"end":{"line":109,"column":3}},"locations":[{"start":{"line":107,"column":24},"end":{"line":109,"column":3}}]},"21":{"type":"branch","line":135,"loc":{"start":{"line":135,"column":0},"end":{"line":142,"column":1}},"locations":[{"start":{"line":135,"column":0},"end":{"line":142,"column":1}}]},"22":{"type":"branch","line":139,"loc":{"start":{"line":139,"column":3},"end":{"line":141,"column":3}},"locations":[{"start":{"line":139,"column":3},"end":{"line":141,"column":3}}]}},"b":{"0":[1],"1":[4],"2":[3],"3":[0],"4":[1],"5":[0],"6":[2],"7":[1],"8":[2],"9":[1],"10":[2],"11":[1],"12":[0],"13":[3],"14":[2],"15":[1],"16":[0],"17":[0],"18":[1],"19":[1],"20":[0],"21":[1],"22":[0]},"fnMap":{"0":{"name":"listTasks","decl":{"start":{"line":16,"column":0},"end":{"line":26,"column":1}},"loc":{"start":{"line":16,"column":0},"end":{"line":26,"column":1}},"line":16},"1":{"name":"handleTaskCommand","decl":{"start":{"line":29,"column":0},"end":{"line":76,"column":1}},"loc":{"start":{"line":29,"column":0},"end":{"line":76,"column":1}},"line":29},"2":{"name":"isValidTaskId","decl":{"start":{"line":79,"column":0},"end":{"line":81,"column":1}},"loc":{"start":{"line":79,"column":0},"end":{"line":81,"column":1}},"line":79},"3":{"name":"executeTask","decl":{"start":{"line":84,"column":0},"end":{"line":99,"column":1}},"loc":{"start":{"line":84,"column":0},"end":{"line":99,"column":1}},"line":84},"4":{"name":"runExampleTask","decl":{"start":{"line":105,"column":0},"end":{"line":112,"column":1}},"loc":{"start":{"line":105,"column":0},"end":{"line":112,"column":1}},"line":105},"5":{"name":"runInitDB","decl":{"start":{"line":114,"column":0},"end":{"line":122,"column":1}},"loc":{"start":{"line":114,"column":0},"end":{"line":122,"column":1}},"line":114},"6":{"name":"runSeedData","decl":{"start":{"line":124,"column":0},"end":{"line":132,"column":1}},"loc":{"start":{"line":124,"column":0},"end":{"line":132,"column":1}},"line":124},"7":{"name":"runTestTask","decl":{"start":{"line":135,"column":0},"end":{"line":142,"column":1}},"loc":{"start":{"line":135,"column":0},"end":{"line":142,"column":1}},"line":135}},"f":{"0":1,"1":3,"2":3,"3":2,"4":1,"5":0,"6":0,"7":1}}
}
