TN:
SF:src/utils/cli-handler.ts
FN:16,listTasks
FN:29,handleTaskCommand
FN:79,isValidTaskId
FN:84,executeTask
FN:105,runExampleTask
FN:114,runInitDB
FN:124,runSeedData
FN:135,runTestTask
FNF:8
FNH:6
FNDA:1,listTasks
FNDA:3,handleTaskCommand
FNDA:3,isValidTaskId
FNDA:2,executeTask
FNDA:1,runExampleTask
FNDA:0,runInitDB
FNDA:0,runSeedData
FNDA:1,runTestTask
DA:1,1
DA:2,1
DA:3,1
DA:4,1
DA:5,1
DA:6,1
DA:7,1
DA:8,1
DA:9,1
DA:10,1
DA:11,1
DA:12,1
DA:13,1
DA:14,1
DA:15,1
DA:16,1
DA:17,1
DA:18,1
DA:19,4
DA:20,1
DA:21,1
DA:22,1
DA:23,1
DA:24,1
DA:25,1
DA:26,1
DA:27,1
DA:28,1
DA:29,3
DA:30,3
DA:31,0
DA:32,0
DA:33,0
DA:34,3
DA:35,3
DA:36,1
DA:37,1
DA:38,1
DA:39,1
DA:40,1
DA:41,1
DA:42,1
DA:43,0
DA:44,0
DA:45,0
DA:46,2
DA:47,2
DA:48,2
DA:49,3
DA:50,1
DA:51,1
DA:52,2
DA:53,3
DA:54,1
DA:55,1
DA:56,1
DA:57,2
DA:58,2
DA:59,2
DA:60,3
DA:61,1
DA:62,1
DA:63,3
DA:64,0
DA:65,0
DA:66,0
DA:67,0
DA:68,0
DA:69,0
DA:70,0
DA:71,0
DA:72,0
DA:73,0
DA:74,0
DA:75,0
DA:76,3
DA:77,1
DA:78,1
DA:79,3
DA:80,3
DA:81,3
DA:82,1
DA:83,1
DA:84,2
DA:85,2
DA:86,2
DA:87,1
DA:88,1
DA:89,2
DA:90,0
DA:91,0
DA:92,2
DA:93,0
DA:94,0
DA:95,2
DA:96,1
DA:97,1
DA:98,2
DA:99,2
DA:100,1
DA:101,1
DA:102,1
DA:103,1
DA:104,1
DA:105,1
DA:106,1
DA:107,1
DA:108,0
DA:109,1
DA:110,1
DA:111,1
DA:112,1
DA:113,1
DA:114,0
DA:115,0
DA:116,0
DA:117,0
DA:118,0
DA:119,0
DA:120,0
DA:121,0
DA:122,0
DA:123,1
DA:124,0
DA:125,0
DA:126,0
DA:127,0
DA:128,0
DA:129,0
DA:130,0
DA:131,0
DA:132,0
DA:133,1
DA:134,1
DA:135,1
DA:136,1
DA:137,1
DA:138,1
DA:139,1
DA:140,0
DA:141,0
DA:142,1
LF:142
LH:99
BRDA:16,0,0,1
BRDA:18,1,0,4
BRDA:29,2,0,3
BRDA:30,3,0,0
BRDA:35,4,0,1
BRDA:43,5,0,0
BRDA:46,6,0,2
BRDA:49,7,0,1
BRDA:52,8,0,2
BRDA:53,9,0,1
BRDA:57,10,0,2
BRDA:60,11,0,1
BRDA:63,12,0,0
BRDA:79,13,0,3
BRDA:84,14,0,2
BRDA:86,15,0,1
BRDA:89,16,0,0
BRDA:92,17,0,0
BRDA:95,18,0,1
BRDA:105,19,0,1
BRDA:107,20,0,0
BRDA:135,21,0,1
BRDA:139,22,0,0
BRF:23
BRH:16
end_of_record
